GAS LISTING C:\Users\prati\AppData\Local\Temp\ccsOXWIQ.s 			page 1


   1              		.file	"pointer.c"
   3              		.section .rdata,"dr"
   4              	.LC0:
   5 0000 25640A00 		.ascii "%d\12\0"
   6 0004 00000000 		.text
   6      00000000 
   6      00000000 
   7              		.globl	main
   9              		.seh_proc	main
  10              	main:
  11 0000 55       		pushq	%rbp
  12              		.seh_pushreg	%rbp
  13 0001 4889E5   		movq	%rsp, %rbp
  14              		.seh_setframe	%rbp, 0
  15 0004 4883EC70 		subq	$112, %rsp
  16              		.seh_stackalloc	112
  17              		.seh_endprologue
  18 0008 E8000000 		call	__main
  18      00
  19 000d C745C012 		movl	$530, -64(%rbp)
  19      020000
  20 0014 C745C414 		movl	$20, -60(%rbp)
  20      000000
  21 001b C745C81E 		movl	$30, -56(%rbp)
  21      000000
  22 0022 C745CC28 		movl	$40, -52(%rbp)
  22      000000
  23 0029 C745D032 		movl	$50, -48(%rbp)
  23      000000
  24 0030 C745D43C 		movl	$60, -44(%rbp)
  24      000000
  25 0037 C745D846 		movl	$70, -40(%rbp)
  25      000000
  26 003e C745DC50 		movl	$80, -36(%rbp)
  26      000000
  27 0045 C745E05A 		movl	$90, -32(%rbp)
  27      000000
  28 004c C745E464 		movl	$100, -28(%rbp)
  28      000000
  29 0053 488D45C0 		leaq	-64(%rbp), %rax
  30 0057 488945B8 		movq	%rax, -72(%rbp)
  31 005b 488D45B8 		leaq	-72(%rbp), %rax
  32 005f 488945F0 		movq	%rax, -16(%rbp)
  33 0063 C745FC00 		movl	$0, -4(%rbp)
  33      000000
  34 006a EB28     		jmp	.L2
  35              	.L3:
  36 006c 488B45F0 		movq	-16(%rbp), %rax
  37 0070 488B00   		movq	(%rax), %rax
  38 0073 8B55FC   		movl	-4(%rbp), %edx
  39 0076 4863D2   		movslq	%edx, %rdx
  40 0079 48C1E202 		salq	$2, %rdx
  41 007d 4801D0   		addq	%rdx, %rax
  42 0080 8B00     		movl	(%rax), %eax
  43 0082 89C2     		movl	%eax, %edx
  44 0084 488D0D00 		leaq	.LC0(%rip), %rcx
  44      000000
GAS LISTING C:\Users\prati\AppData\Local\Temp\ccsOXWIQ.s 			page 2


  45 008b E8000000 		call	printf
  45      00
  46 0090 8345FC01 		addl	$1, -4(%rbp)
  47              	.L2:
  48 0094 837DFC09 		cmpl	$9, -4(%rbp)
  49 0098 7ED2     		jle	.L3
  50 009a B8000000 		movl	$0, %eax
  50      00
  51 009f 4883C470 		addq	$112, %rsp
  52 00a3 5D       		popq	%rbp
  53 00a4 C3       		ret
  54              		.seh_endproc
  55              		.ident	"GCC: (tdm64-1) 5.1.0"
